app/build/outputs/logs/manifest-merger-debug-report.txt
-- Merging decision tree log ---
manifest
ADDED from src\main\AndroidManifest.xml:2:1-62:12
	package
		ADDED from src\main\AndroidManifest.xml:3:5-38
		INJECTED from src\main\AndroidManifest.xml
		INJECTED from src\main\AndroidManifest.xml
	android:versionName
		ADDED from src\main\AndroidManifest.xml:5:5-30
		INJECTED from src\main\AndroidManifest.xml
		INJECTED from src\main\AndroidManifest.xml
	android:versionCode
		ADDED from src\main\AndroidManifest.xml:4:5-28
		INJECTED from src\main\AndroidManifest.xml
		INJECTED from src\main\AndroidManifest.xml
	xmlns:android
		ADDED from src\main\AndroidManifest.xml:2:11-69
uses-sdk
ADDED from src\main\AndroidManifest.xml:7:5-9:41
MERGED from [com.android.support:support-v4:21.0.3] AndroidManifest.xml:15:5-42
	android:targetSdkVersion
		ADDED from src\main\AndroidManifest.xml:9:9-38
		INJECTED from src\main\AndroidManifest.xml
		INJECTED from src\main\AndroidManifest.xml
	android:minSdkVersion
		ADDED from src\main\AndroidManifest.xml:8:9-35
		INJECTED from src\main\AndroidManifest.xml
		INJECTED from src\main\AndroidManifest.xml
application
ADDED from src\main\AndroidManifest.xml:11:5-60:19
MERGED from [com.android.support:support-v4:21.0.3] AndroidManifest.xml:16:5-19
	android:label
		ADDED from src\main\AndroidManifest.xml:14:9-41
	android:allowBackup
		ADDED from src\main\AndroidManifest.xml:12:9-35
	android:icon
		ADDED from src\main\AndroidManifest.xml:13:9-45
	android:theme
		ADDED from src\main\AndroidManifest.xml:15:9-40
activity#com.mingrisoft.activity.Login
ADDED from src\main\AndroidManifest.xml:17:9-23:20
	android:label
		ADDED from src\main\AndroidManifest.xml:18:19-51
	android:name
		ADDED from src\main\AndroidManifest.xml:17:19-40
intent-filter#android.intent.action.MAIN+android.intent.category.LAUNCHER
ADDED from src\main\AndroidManifest.xml:19:13-22:29
action#android.intent.action.MAIN
ADDED from src\main\AndroidManifest.xml:20:17-69
	android:name
		ADDED from src\main\AndroidManifest.xml:20:25-66
category#android.intent.category.LAUNCHER
ADDED from src\main\AndroidManifest.xml:21:17-77
	android:name
		ADDED from src\main\AndroidManifest.xml:21:27-74
activity#com.mingrisoft.activity.MainActivity
ADDED from src\main\AndroidManifest.xml:24:9-26:20
	android:label
		ADDED from src\main\AndroidManifest.xml:25:19-51
	android:name
		ADDED from src\main\AndroidManifest.xml:24:19-47
activity#com.mingrisoft.activity.AddOutaccount
ADDED from src\main\AndroidManifest.xml:27:3-29:14
	android:label
		ADDED from src\main\AndroidManifest.xml:28:4-41
	android:name
		ADDED from src\main\AndroidManifest.xml:27:14-43
activity#com.mingrisoft.activity.AddInaccount
ADDED from src\main\AndroidManifest.xml:30:3-32:14
	android:label
		ADDED from src\main\AndroidManifest.xml:31:4-40
	android:name
		ADDED from src\main\AndroidManifest.xml:30:14-42
activity#com.mingrisoft.activity.Outaccountinfo
ADDED from src\main\AndroidManifest.xml:33:3-35:14
	android:label
		ADDED from src\main\AndroidManifest.xml:34:4-42
	android:name
		ADDED from src\main\AndroidManifest.xml:33:14-44
activity#com.mingrisoft.activity.Inaccountinfo
ADDED from src\main\AndroidManifest.xml:36:3-38:14
	android:label
		ADDED from src\main\AndroidManifest.xml:37:4-41
	android:name
		ADDED from src\main\AndroidManifest.xml:36:14-43
activity#com.mingrisoft.activity.Showinfo
ADDED from src\main\AndroidManifest.xml:39:3-41:14
	android:label
		ADDED from src\main\AndroidManifest.xml:40:4-36
	android:name
		ADDED from src\main\AndroidManifest.xml:39:14-38
activity#com.mingrisoft.activity.Sysset
ADDED from src\main\AndroidManifest.xml:42:3-44:14
	android:label
		ADDED from src\main\AndroidManifest.xml:43:4-34
	android:name
		ADDED from src\main\AndroidManifest.xml:42:14-36
activity#com.mingrisoft.activity.Accountflag
ADDED from src\main\AndroidManifest.xml:45:3-47:14
	android:label
		ADDED from src\main\AndroidManifest.xml:46:4-39
	android:name
		ADDED from src\main\AndroidManifest.xml:45:14-41
activity#com.mingrisoft.activity.InfoManage
ADDED from src\main\AndroidManifest.xml:48:3-50:14
	android:label
		ADDED from src\main\AndroidManifest.xml:49:4-38
	android:name
		ADDED from src\main\AndroidManifest.xml:48:14-40
activity#com.mingrisoft.activity.FlagManage
ADDED from src\main\AndroidManifest.xml:51:3-53:14
	android:label
		ADDED from src\main\AndroidManifest.xml:52:4-38
	android:name
		ADDED from src\main\AndroidManifest.xml:51:14-40
activity#com.mingrisoft.activity.Help
ADDED from src\main\AndroidManifest.xml:54:3-56:14
	android:label
		ADDED from src\main\AndroidManifest.xml:55:4-32
	android:name
		ADDED from src\main\AndroidManifest.xml:54:14-34
activity#com.mingrisoft.activity.TotalChart
ADDED from src\main\AndroidManifest.xml:57:3-59:14
	android:label
		ADDED from src\main\AndroidManifest.xml:58:4-33
	android:name
		ADDED from src\main\AndroidManifest.xml:57:14-40